Flow report for Project_7_Segment_Top
Sun Jul 20 20:40:31 2025
Quartus Prime Version 22.1std.0 Build 915 10/25/2022 SC Lite Edition


---------------------
; Table of Contents ;
---------------------
  1. Legal Notice
  2. Flow Summary
  3. Flow Settings
  4. Flow Non-Default Global Settings
  5. Flow Elapsed Time
  6. Flow OS Summary
  7. Flow Log
  8. Flow Messages
  9. Flow Suppressed Messages



----------------
; Legal Notice ;
----------------
Copyright (C) 2022  Intel Corporation. All rights reserved.
Your use of Intel Corporation's design tools, logic functions 
and other software and tools, and any partner logic 
functions, and any output files from any of the foregoing 
(including device programming or simulation files), and any 
associated documentation or information are expressly subject 
to the terms and conditions of the Intel Program License 
Subscription Agreement, the Intel Quartus Prime License Agreement,
the Intel FPGA IP License Agreement, or other applicable license
agreement, including, without limitation, that your use is for
the sole purpose of programming logic devices manufactured by
Intel and sold by Intel or its authorized distributors.  Please
refer to the applicable agreement for further details, at
https://fpgasoftware.intel.com/eula.



+-------------------------------------------------------------------------------------+
; Flow Summary                                                                        ;
+------------------------------------+------------------------------------------------+
; Flow Status                        ; Successful - Sun Jul 20 20:40:28 2025          ;
; Quartus Prime Version              ; 22.1std.0 Build 915 10/25/2022 SC Lite Edition ;
; Revision Name                      ; Project_7_Segment_Top                          ;
; Top-level Entity Name              ; Project_7_Segment_Top                          ;
; Family                             ; Cyclone IV E                                   ;
; Device                             ; EP4CE6E22C8                                    ;
; Timing Models                      ; Final                                          ;
; Total logic elements               ; 41 / 6,272 ( < 1 % )                           ;
;     Total combinational functions  ; 40 / 6,272 ( < 1 % )                           ;
;     Dedicated logic registers      ; 31 / 6,272 ( < 1 % )                           ;
; Total registers                    ; 31                                             ;
; Total pins                         ; 10 / 92 ( 11 % )                               ;
; Total virtual pins                 ; 0                                              ;
; Total memory bits                  ; 0 / 276,480 ( 0 % )                            ;
; Embedded Multiplier 9-bit elements ; 0 / 30 ( 0 % )                                 ;
; Total PLLs                         ; 0 / 2 ( 0 % )                                  ;
+------------------------------------+------------------------------------------------+


+-------------------------------------------+
; Flow Settings                             ;
+-------------------+-----------------------+
; Option            ; Setting               ;
+-------------------+-----------------------+
; Start date & time ; 07/20/2025 20:40:12   ;
; Main task         ; Compilation           ;
; Revision Name     ; Project_7_Segment_Top ;
+-------------------+-----------------------+


+-------------------------------------------------------------------------------------------------------------------------+
; Flow Non-Default Global Settings                                                                                        ;
+-------------------------------------+----------------------------------------+---------------+-------------+------------+
; Assignment Name                     ; Value                                  ; Default Value ; Entity Name ; Section Id ;
+-------------------------------------+----------------------------------------+---------------+-------------+------------+
; COMPILER_SIGNATURE_ID               ; 929349427524.175303321112876           ; --            ; --          ; --         ;
; MAX_CORE_JUNCTION_TEMP              ; 85                                     ; --            ; --          ; --         ;
; MIN_CORE_JUNCTION_TEMP              ; 0                                      ; --            ; --          ; --         ;
; NOMINAL_CORE_SUPPLY_VOLTAGE         ; 1.2V                                   ; --            ; --          ; --         ;
; PARTITION_COLOR                     ; -- (Not supported for targeted family) ; --            ; --          ; Top        ;
; PARTITION_FITTER_PRESERVATION_LEVEL ; -- (Not supported for targeted family) ; --            ; --          ; Top        ;
; PARTITION_NETLIST_TYPE              ; -- (Not supported for targeted family) ; --            ; --          ; Top        ;
; PROJECT_OUTPUT_DIRECTORY            ; output_files                           ; --            ; --          ; --         ;
+-------------------------------------+----------------------------------------+---------------+-------------+------------+


+--------------------------------------------------------------------------------------------------------------------------+
; Flow Elapsed Time                                                                                                        ;
+----------------------+--------------+-------------------------+---------------------+------------------------------------+
; Module Name          ; Elapsed Time ; Average Processors Used ; Peak Virtual Memory ; Total CPU Time (on all processors) ;
+----------------------+--------------+-------------------------+---------------------+------------------------------------+
; Analysis & Synthesis ; 00:00:10     ; 1.0                     ; 4772 MB             ; 00:00:25                           ;
; Fitter               ; 00:00:04     ; 1.0                     ; 5487 MB             ; 00:00:04                           ;
; Assembler            ; 00:00:01     ; 1.0                     ; 4699 MB             ; 00:00:01                           ;
; Timing Analyzer      ; 00:00:02     ; 1.0                     ; 4770 MB             ; 00:00:01                           ;
; Total                ; 00:00:17     ; --                      ; --                  ; 00:00:31                           ;
+----------------------+--------------+-------------------------+---------------------+------------------------------------+


+------------------------------------------------------------------------------------+
; Flow OS Summary                                                                    ;
+----------------------+------------------+------------+------------+----------------+
; Module Name          ; Machine Hostname ; OS Name    ; OS Version ; Processor type ;
+----------------------+------------------+------------+------------+----------------+
; Analysis & Synthesis ; DESKTOP-EBUJRJ0  ; Windows 10 ; 10.0       ; x86_64         ;
; Fitter               ; DESKTOP-EBUJRJ0  ; Windows 10 ; 10.0       ; x86_64         ;
; Assembler            ; DESKTOP-EBUJRJ0  ; Windows 10 ; 10.0       ; x86_64         ;
; Timing Analyzer      ; DESKTOP-EBUJRJ0  ; Windows 10 ; 10.0       ; x86_64         ;
+----------------------+------------------+------------+------------+----------------+


------------
; Flow Log ;
------------
quartus_map --read_settings_files=on --write_settings_files=off Project_7_Segment_Top -c Project_7_Segment_Top
quartus_fit --read_settings_files=off --write_settings_files=off Project_7_Segment_Top -c Project_7_Segment_Top
quartus_asm --read_settings_files=off --write_settings_files=off Project_7_Segment_Top -c Project_7_Segment_Top
quartus_sta Project_7_Segment_Top -c Project_7_Segment_Top



